app/mapping.txt
# compiler: R8
# compiler_version: 1.4.94
# min_api: 21
...
kotlin.reflect.jvm.internal.impl.types.checker.NewKotlinTypeChecker$WhenMappings -> e.i.b.a.c.l.a.i:
    int[] $EnumSwitchMapping$1 -> b
    int[] $EnumSwitchMapping$2 -> c
    int[] $EnumSwitchMapping$0 -> a
kotlin.reflect.jvm.internal.impl.types.checker.NewKotlinTypeCheckerKt -> e.i.b.a.c.l.a.k:
    470:470:boolean isClassType(kotlin.reflect.jvm.internal.impl.types.SimpleType) -> a
    486:486:boolean isIntersectionType(kotlin.reflect.jvm.internal.impl.types.SimpleType) -> b
    481:483:boolean isSingleClassifierType(kotlin.reflect.jvm.internal.impl.types.SimpleType) -> c
kotlin.reflect.jvm.internal.impl.types.checker.NullabilityChecker -> e.i.b.a.c.l.a.l:
    kotlin.reflect.jvm.internal.impl.types.checker.NullabilityChecker INSTANCE -> a
    396:396:void <clinit>() -> <clinit>
    396:396:void <init>() -> <init>
    400:400:boolean isPossibleSubtype(kotlin.reflect.jvm.internal.impl.types.checker.TypeCheckerContext,kotlin.reflect.jvm.internal.impl.types.SimpleType,kotlin.reflect.jvm.internal.impl.types.SimpleType) -> a
    403:403:boolean isSubtypeOfAny(kotlin.reflect.jvm.internal.impl.types.UnwrappedType) -> a
    450:492:boolean hasNotNullSupertype(kotlin.reflect.jvm.internal.impl.types.checker.TypeCheckerContext,kotlin.reflect.jvm.internal.impl.types.SimpleType,kotlin.reflect.jvm.internal.impl.types.checker.TypeCheckerContext$SupertypesPolicy) -> a
    455:520:boolean hasPathByNotMarkedNullableNodes(kotlin.reflect.jvm.internal.impl.types.checker.TypeCheckerContext,kotlin.reflect.jvm.internal.impl.types.SimpleType,kotlin.reflect.jvm.internal.impl.types.TypeConstructor) -> a
    410:446:boolean runIsPossibleSubtype(kotlin.reflect.jvm.internal.impl.types.checker.TypeCheckerContext,kotlin.reflect.jvm.internal.impl.types.SimpleType,kotlin.reflect.jvm.internal.impl.types.SimpleType) -> b
kotlin.reflect.jvm.internal.impl.types.checker.StrictEqualityTypeChecker -> e.i.b.a.c.l.a.m:
    kotlin.reflect.jvm.internal.impl.types.checker.StrictEqualityTypeChecker INSTANCE -> a
    37:37:void <clinit>() -> <clinit>
    37:37:void <init>() -> <init>
    44:51:boolean strictEqualTypes(kotlin.reflect.jvm.internal.impl.types.UnwrappedType,kotlin.reflect.jvm.internal.impl.types.UnwrappedType) -> a
    55:60:boolean strictEqualTypes(kotlin.reflect.jvm.internal.impl.types.SimpleType,kotlin.reflect.jvm.internal.impl.types.SimpleType) -> a
kotlin.reflect.jvm.internal.impl.types.checker.SubtypePathNode -> e.i.b.a.c.l.a.n:
    kotlin.reflect.jvm.internal.impl.types.checker.SubtypePathNode previous -> b
    kotlin.reflect.jvm.internal.impl.types.KotlinType type -> a
    26:26:void <init>(kotlin.reflect.jvm.internal.impl.types.KotlinType,kotlin.reflect.jvm.internal.impl.types.checker.SubtypePathNode) -> <init>
    26:26:kotlin.reflect.jvm.internal.impl.types.checker.SubtypePathNode getPrevious() -> a
    26:26:kotlin.reflect.jvm.internal.impl.types.KotlinType getType() -> b